#
# There is insufficient memory for the Java Runtime Environment to continue.
# Native memory allocation (malloc) failed to allocate 131088 bytes for Chunk::new
# Possible reasons:
#   The system is out of physical RAM or swap space
#   In 32 bit mode, the process size limit was hit
# Possible solutions:
#   Reduce memory load on the system
#   Increase physical memory or swap space
#   Check if swap backing store is full
#   Use 64 bit Java on a 64 bit OS
#   Decrease Java heap size (-Xmx/-Xms)
#   Decrease number of Java threads
#   Decrease Java thread stack sizes (-Xss)
#   Set larger code cache with -XX:ReservedCodeCacheSize=
# This output file may be truncated or incomplete.
#
#  Out of Memory Error (allocation.cpp:323), pid=3972, tid=1948
#
# JRE version: Java(TM) SE Runtime Environment (7.0_67-b01) (build 1.7.0_67-b01)
# Java VM: Java HotSpot(TM) 64-Bit Server VM (24.65-b04 mixed mode windows-amd64 compressed oops)
# Failed to write core dump. Minidumps are not enabled by default on client versions of Windows
#

---------------  T H R E A D  ---------------

Current thread (0x0000000008513000):  JavaThread "C2 CompilerThread1" daemon [_thread_in_native, id=1948, stack(0x0000000009eb0000,0x0000000009fb0000)]

Stack: [0x0000000009eb0000,0x0000000009fb0000]
[error occurred during error reporting (printing stack bounds), id 0xc0000005]


[error occurred during error reporting (printing native stack), id 0xc0000005]


Current CompileTask:
C2:   5310  224             com.android.dx.ssa.SCCP::simulateBlock (54 bytes)


---------------  P R O C E S S  ---------------

Java Threads: ( => current thread )
  0x000000000a2a9800 JavaThread "pool-2-thread-1" [_thread_in_Java, id=7124, stack(0x000000000a9e0000,0x000000000aae0000)]
  0x0000000008515000 JavaThread "Service Thread" daemon [_thread_blocked, id=396, stack(0x0000000009db0000,0x0000000009eb0000)]
=>0x0000000008513000 JavaThread "C2 CompilerThread1" daemon [_thread_in_native, id=1948, stack(0x0000000009eb0000,0x0000000009fb0000)]
  0x000000000850e000 JavaThread "C2 CompilerThread0" daemon [_thread_in_native, id=1748, stack(0x0000000009710000,0x0000000009810000)]
  0x000000000850d000 JavaThread "Attach Listener" daemon [_thread_blocked, id=6728, stack(0x0000000009c20000,0x0000000009d20000)]
  0x0000000008506000 JavaThread "Signal Dispatcher" daemon [_thread_blocked, id=4324, stack(0x0000000009ac0000,0x0000000009bc0000)]
  0x00000000084a1000 JavaThread "Finalizer" daemon [_thread_blocked, id=8052, stack(0x0000000009910000,0x0000000009a10000)]
  0x000000000849f800 JavaThread "Reference Handler" daemon [_thread_blocked, id=7752, stack(0x0000000009810000,0x0000000009910000)]
  0x000000000224e000 JavaThread "main" [_thread_blocked, id=7520, stack(0x00000000023a0000,0x00000000024a0000)]

Other Threads:
  0x0000000008498000 VMThread [stack: 0x00000000095c0000,0x00000000096c0000] [id=7568]
  0x0000000008516800 WatcherThread [stack: 0x000000000a010000,0x000000000a110000] [id=1976]

VM state:not at safepoint (normal execution)

VM Mutex/Monitor currently owned by a thread: None

Heap
 PSYoungGen      total 28160K, used 18294K [0x00000000eaa80000, 0x00000000ec980000, 0x0000000100000000)
  eden space 24576K, 59% used [0x00000000eaa80000,0x00000000eb8e5800,0x00000000ec280000)
  from space 3584K, 99% used [0x00000000ec600000,0x00000000ec978330,0x00000000ec980000)
  to   space 3584K, 0% used [0x00000000ec280000,0x00000000ec280000,0x00000000ec600000)
 ParOldGen       total 62976K, used 5533K [0x00000000c0000000, 0x00000000c3d80000, 0x00000000eaa80000)
  object space 62976K, 8% used [0x00000000c0000000,0x00000000c0567410,0x00000000c3d80000)
 PSPermGen       total 21504K, used 5918K [0x00000000bae00000, 0x00000000bc300000, 0x00000000c0000000)
  object space 21504K, 27% used [0x00000000bae00000,0x00000000bb3c79f0,0x00000000bc300000)

Card table byte_map: [0x0000000005560000,0x0000000005790000] byte_map_base: 0x0000000004f89000

Polling page: 0x0000000000230000

Code Cache  [0x00000000024a0000, 0x0000000002710000, 0x00000000054a0000)
 total_blobs=460 nmethods=224 adapters=189 free_code_cache=48221Kb largest_free_block=49344128

Compilation events (10 events):
Event: 5.062 Thread 0x0000000008513000 nmethod 219 0x00000000025860d0 code [0x00000000025863c0, 0x00000000025884d0]
Event: 5.062 Thread 0x0000000008513000  220             com.android.dx.ssa.back.IdenticalBlockCombiner::process (323 bytes)
Event: 5.162 Thread 0x0000000008513000 nmethod 220 0x000000000258bed0 code [0x000000000258c1a0, 0x000000000258e0b8]
Event: 5.162 Thread 0x0000000008513000  221             java.lang.Float::isNaN (12 bytes)
Event: 5.163 Thread 0x0000000008513000 nmethod 221 0x000000000256b890 code [0x000000000256b9c0, 0x000000000256ba18]
Event: 5.163 Thread 0x0000000008513000  222             java.util.HashMap::<init> (119 bytes)
Event: 5.164 Thread 0x0000000008513000 nmethod 222 0x000000000256b590 code [0x000000000256b6e0, 0x000000000256b7d8]
Event: 5.164 Thread 0x0000000008513000  223             java.util.HashMap::init (1 bytes)
Event: 5.165 Thread 0x0000000008513000 nmethod 223 0x000000000256b350 code [0x000000000256b480, 0x000000000256b4d8]
Event: 5.165 Thread 0x0000000008513000  224             com.android.dx.ssa.SCCP::simulateBlock (54 bytes)

GC Heap History (4 events):
Event: 3.469 GC heap before
{Heap before GC invocations=1 (full 0):
 PSYoungGen      total 28160K, used 24576K [0x00000000eaa80000, 0x00000000ec980000, 0x0000000100000000)
  eden space 24576K, 100% used [0x00000000eaa80000,0x00000000ec280000,0x00000000ec280000)
  from space 3584K, 0% used [0x00000000ec600000,0x00000000ec600000,0x00000000ec980000)
  to   space 3584K, 0% used [0x00000000ec280000,0x00000000ec280000,0x00000000ec600000)
 ParOldGen       total 62976K, used 0K [0x00000000c0000000, 0x00000000c3d80000, 0x00000000eaa80000)
  object space 62976K, 0% used [0x00000000c0000000,0x00000000c0000000,0x00000000c3d80000)
 PSPermGen       total 21504K, used 5754K [0x00000000bae00000, 0x00000000bc300000, 0x00000000c0000000)
  object space 21504K, 26% used [0x00000000bae00000,0x00000000bb39e940,0x00000000bc300000)
Event: 3.532 GC heap after
Heap after GC invocations=1 (full 0):
 PSYoungGen      total 28160K, used 3559K [0x00000000eaa80000, 0x00000000ec980000, 0x0000000100000000)
  eden space 24576K, 0% used [0x00000000eaa80000,0x00000000eaa80000,0x00000000ec280000)
  from space 3584K, 99% used [0x00000000ec280000,0x00000000ec5f9c88,0x00000000ec600000)
  to   space 3584K, 0% used [0x00000000ec600000,0x00000000ec600000,0x00000000ec980000)
 ParOldGen       total 62976K, used 2069K [0x00000000c0000000, 0x00000000c3d80000, 0x00000000eaa80000)
  object space 62976K, 3% used [0x00000000c0000000,0x00000000c02054e0,0x00000000c3d80000)
 PSPermGen       total 21504K, used 5754K [0x00000000bae00000, 0x00000000bc300000, 0x00000000c0000000)
  object space 21504K, 26% used [0x00000000bae00000,0x00000000bb39e940,0x00000000bc300000)
}
Event: 4.373 GC heap before
{Heap before GC invocations=2 (full 0):
 PSYoungGen      total 28160K, used 28135K [0x00000000eaa80000, 0x00000000ec980000, 0x0000000100000000)
  eden space 24576K, 100% used [0x00000000eaa80000,0x00000000ec280000,0x00000000ec280000)
  from space 3584K, 99% used [0x00000000ec280000,0x00000000ec5f9c88,0x00000000ec600000)
  to   space 3584K, 0% used [0x00000000ec600000,0x00000000ec600000,0x00000000ec980000)
 ParOldGen       total 62976K, used 2069K [0x00000000c0000000, 0x00000000c3d80000, 0x00000000eaa80000)
  object space 62976K, 3% used [0x00000000c0000000,0x00000000c02054e0,0x00000000c3d80000)
 PSPermGen       total 21504K, used 5885K [0x00000000bae00000, 0x00000000bc300000, 0x00000000c0000000)
  object space 21504K, 27% used [0x00000000bae00000,0x00000000bb3bf668,0x00000000bc300000)
Event: 4.446 GC heap after
Heap after GC invocations=2 (full 0):
 PSYoungGen      total 28160K, used 3552K [0x00000000eaa80000, 0x00000000ec980000, 0x0000000100000000)
  eden space 24576K, 0% used [0x00000000eaa80000,0x00000000eaa80000,0x00000000ec280000)
  from space 3584K, 99% used [0x00000000ec600000,0x00000000ec978330,0x00000000ec980000)
  to   space 3584K, 0% used [0x00000000ec280000,0x00000000ec280000,0x00000000ec600000)
 ParOldGen       total 62976K, used 5533K [0x00000000c0000000, 0x00000000c3d80000, 0x00000000eaa80000)
  object space 62976K, 8% used [0x00000000c0000000,0x00000000c0567410,0x00000000c3d80000)
 PSPermGen       total 21504K, used 5885K [0x00000000bae00000, 0x00000000bc300000, 0x00000000c0000000)
  object space 21504K, 27% used [0x00000000bae00000,0x00000000bb3bf668,0x00000000bc300000)
}

Deoptimization events (2 events):
Event: 3.153 Thread 0x000000000a2ec800 Uncommon trap: reason=null_check action=make_not_entrant pc=0x000000000251aa04 method=com.android.dx.rop.code.LocalItem.equals(Ljava/lang/Object;)Z @ 1
Event: 5.096 Thread 0x000000000a2a7000 Uncommon trap: reason=unreached action=reinterpret pc=0x000000000257fe58 method=com.android.dx.ssa.SCCP.simulateBranch(Lcom/android/dx/ssa/SsaInsn;)V @ 132

Internal exceptions (10 events):
Event: 2.876 Thread 0x000000000a3a6800 Threw 0x00000000eafc9230 at C:\re\jdk7u67\1368\hotspot\src\share\vm\prims\jvm.cpp:1244
Event: 2.919 Thread 0x000000000224e000 Threw 0x00000000eb499b70 at C:\re\jdk7u67\1368\hotspot\src\share\vm\prims\jvm.cpp:1244
Event: 2.921 Thread 0x000000000224e000 Threw 0x00000000eb4a3940 at C:\re\jdk7u67\1368\hotspot\src\share\vm\prims\jvm.cpp:1244
Event: 2.923 Thread 0x000000000224e000 Threw 0x00000000eb4a5bf0 at C:\re\jdk7u67\1368\hotspot\src\share\vm\prims\jvm.cpp:1244
Event: 2.947 Thread 0x000000000a2bd000 Threw 0x00000000eb539c10 at C:\re\jdk7u67\1368\hotspot\src\share\vm\prims\jvm.cpp:1244
Event: 3.081 Thread 0x000000000a3a6800 Threw 0x00000000eb729488 at C:\re\jdk7u67\1368\hotspot\src\share\vm\prims\jvm.cpp:1244
Event: 3.101 Thread 0x000000000224e000 Threw 0x00000000eb88a218 at C:\re\jdk7u67\1368\hotspot\src\share\vm\prims\jvm.cpp:1244
Event: 3.102 Thread 0x000000000224e000 Threw 0x00000000eb88c650 at C:\re\jdk7u67\1368\hotspot\src\share\vm\prims\jvm.cpp:1244
Event: 3.153 Thread 0x000000000a2ec800 Implicit null exception at 0x000000000251a6a8 to 0x000000000251a9f1
Event: 5.092 Thread 0x000000000a2a7000 Threw 0x00000000eb73b9d8 at C:\re\jdk7u67\1368\hotspot\src\share\vm\prims\jvm.cpp:1244

Events (10 events):
Event: 4.846 loading class 0x00000000021a0be0 done
Event: 5.002 Thread 0x000000000a2ec800 Thread exited: 0x000000000a2ec800
Event: 5.073 Thread 0x000000000a3a6800 Thread exited: 0x000000000a3a6800
Event: 5.091 loading class 0x000000000a360aa0
Event: 5.091 loading class 0x000000000a360aa0 done
Event: 5.096 Thread 0x000000000a2a7000 Uncommon trap: trap_request=0xffffffad fr.pc=0x000000000257fe58
Event: 5.096 Thread 0x000000000a2a7000 DEOPT PACKING pc=0x000000000257fe58 sp=0x000000000a96ebe0
Event: 5.096 Thread 0x000000000a2a7000 DEOPT UNPACKING pc=0x00000000024d9064 sp=0x000000000a96eba8 mode 2
Event: 5.163 Thread 0x000000000a2a7000 Thread exited: 0x000000000a2a7000
Event: 5.196 Thread 0x000000000a2bd000 Thread exited: 0x000000000a2bd000


Dynamic libraries:
0x000000013ff80000 - 0x000000013ffb3000 	C:\Program Files\Java\jdk1.7.0_67\bin\java.exe
0x0000000077be0000 - 0x0000000077d89000 	C:\Windows\SYSTEM32\ntdll.dll
0x00000000779c0000 - 0x0000000077adf000 	C:\Windows\system32\kernel32.dll
0x000007fefdcc0000 - 0x000007fefdd2b000 	C:\Windows\system32\KERNELBASE.dll
0x000007feff3f0000 - 0x000007feff4cb000 	C:\Windows\system32\ADVAPI32.dll
0x000007feffc60000 - 0x000007feffcff000 	C:\Windows\system32\msvcrt.dll
0x000007feffd00000 - 0x000007feffd1f000 	C:\Windows\SYSTEM32\sechost.dll
0x000007feffdc0000 - 0x000007feffeed000 	C:\Windows\system32\RPCRT4.dll
0x0000000077ae0000 - 0x0000000077bda000 	C:\Windows\system32\USER32.dll
0x000007fefe100000 - 0x000007fefe167000 	C:\Windows\system32\GDI32.dll
0x000007feff780000 - 0x000007feff78e000 	C:\Windows\system32\LPK.dll
0x000007feff680000 - 0x000007feff749000 	C:\Windows\system32\USP10.dll
0x000007fefc340000 - 0x000007fefc534000 	C:\Windows\WinSxS\amd64_microsoft.windows.common-controls_6595b64144ccf1df_6.0.7601.17514_none_fa396087175ac9ac\COMCTL32.dll
0x000007feff600000 - 0x000007feff671000 	C:\Windows\system32\SHLWAPI.dll
0x000007feff750000 - 0x000007feff77e000 	C:\Windows\system32\IMM32.DLL
0x000007fefeff0000 - 0x000007feff0f9000 	C:\Windows\system32\MSCTF.dll
0x0000000063340000 - 0x0000000063412000 	C:\Program Files\Java\jdk1.7.0_67\jre\bin\msvcr100.dll
0x0000000062460000 - 0x0000000062c32000 	C:\Program Files\Java\jdk1.7.0_67\jre\bin\server\jvm.dll
0x000007fef8320000 - 0x000007fef8329000 	C:\Windows\system32\WSOCK32.dll
0x000007fefefa0000 - 0x000007fefefed000 	C:\Windows\system32\WS2_32.dll
0x000007feff100000 - 0x000007feff108000 	C:\Windows\system32\NSI.dll
0x000007fefbc30000 - 0x000007fefbc6b000 	C:\Windows\system32\WINMM.dll
0x0000000077da0000 - 0x0000000077da7000 	C:\Windows\system32\PSAPI.DLL
0x000000006bad0000 - 0x000000006badf000 	C:\Program Files\Java\jdk1.7.0_67\jre\bin\verify.dll
0x000000006b770000 - 0x000000006b798000 	C:\Program Files\Java\jdk1.7.0_67\jre\bin\java.dll
0x000000006b750000 - 0x000000006b765000 	C:\Program Files\Java\jdk1.7.0_67\jre\bin\zip.dll
0x000000006b730000 - 0x000000006b749000 	C:\Program Files\Java\jdk1.7.0_67\jre\bin\net.dll
0x000007fefd3a0000 - 0x000007fefd3f5000 	C:\Windows\system32\mswsock.dll
0x000007fefd390000 - 0x000007fefd397000 	C:\Windows\System32\wship6.dll
0x000000006b590000 - 0x000000006b5a1000 	C:\Program Files\Java\jdk1.7.0_67\jre\bin\nio.dll

VM Arguments:
jvm_args: -Djava.awt.headless=true -Xmx1024M -Dfile.encoding=windows-1256 -Duser.country=US -Duser.language=en -Duser.variant 
java_command: com.android.dx.command.Main --dex --num-threads=4 --output F:\Ahmed\Android\MovieApp - Copy\app\build\intermediates\pre-dexed\debug\picasso-2.5.2_502c8f0d011fc076e4d2136cbe51b7d2e49ddaa9.jar C:\Users\Bassem\.gradle\caches\modules-2\files-2.1\com.squareup.picasso\picasso\2.5.2\7446d06ec8d4f7ffcc53f1da37c95f200dcb9387\picasso-2.5.2.jar
Launcher Type: SUN_STANDARD

Environment Variables:
PATH=C:\ProgramData\Oracle\Java\javapath;C:\Program Files (x86)\Java\jdk1.8.0_91\bin;C:\Windows\system32;C:\Windows;C:\Windows\System32\Wbem;C:\Windows\System32\WindowsPowerShell\v1.0\;C:\Program Files\Dell\DW WLAN Card;C:\Program Files\WIDCOMM\Bluetooth Software\;C:\Program Files\WIDCOMM\Bluetooth Software\syswow64;C:\Program Files (x86)\Skype\Phone\;C:\Program Files\OpenVPN\bin;C:\BC5\BIN;C:\Program Files\erl7.2.1\bin;C:\Program Files (x86)\Java\jdk1.8.0_91\bin;
USERNAME=Bassem
OS=Windows_NT
PROCESSOR_IDENTIFIER=Intel64 Family 6 Model 37 Stepping 5, GenuineIntel



---------------  S Y S T E M  ---------------

OS: Windows 7 , 64 bit Build 7601 Service Pack 1

CPU:total 4 (2 cores per cpu, 2 threads per core) family 6 model 37 stepping 5, cmov, cx8, fxsr, mmx, sse, sse2, sse3, ssse3, sse4.1, sse4.2, popcnt, ht, tsc, tscinvbit

Memory: 4k page, physical 6085324k(952620k free), swap 8102832k(5160k free)

vm_info: Java HotSpot(TM) 64-Bit Server VM (24.65-b04) for windows-amd64 JRE (1.7.0_67-b01), built on Jul 25 2014 08:55:00 by "java_re" with unknown MS VC++:1600

time: Wed Sep 14 11:03:04 2016
elapsed time: 5 seconds

