#
# There is insufficient memory for the Java Runtime Environment to continue.
# Native memory allocation (malloc) failed to allocate 1048576 bytes for AllocateHeap
# Possible reasons:
#   The system is out of physical RAM or swap space
#   In 32 bit mode, the process size limit was hit
# Possible solutions:
#   Reduce memory load on the system
#   Increase physical memory or swap space
#   Check if swap backing store is full
#   Use 64 bit Java on a 64 bit OS
#   Decrease Java heap size (-Xmx/-Xms)
#   Decrease number of Java threads
#   Decrease Java thread stack sizes (-Xss)
#   Set larger code cache with -XX:ReservedCodeCacheSize=
# This output file may be truncated or incomplete.
#
#  Out of Memory Error (memory/allocation.inline.hpp:61), pid=4452, tid=4668
#
# JRE version:  (7.0_67-b01) (build )
# Java VM: Java HotSpot(TM) 64-Bit Server VM (24.65-b04 mixed mode windows-amd64 compressed oops)
# Failed to write core dump. Minidumps are not enabled by default on client versions of Windows
#

---------------  T H R E A D  ---------------

Current thread (0x000000000213e000):  JavaThread "Unknown thread" [_thread_in_vm, id=4668, stack(0x0000000002480000,0x0000000002580000)]

Stack: [0x0000000002480000,0x0000000002580000]
[error occurred during error reporting (printing stack bounds), id 0xc0000005]


---------------  P R O C E S S  ---------------

Java Threads: ( => current thread )

Other Threads:

=>0x000000000213e000 (exited) JavaThread "Unknown thread" [_thread_in_vm, id=4668, stack(0x0000000002480000,0x0000000002580000)]

VM state:not at safepoint (normal execution)

VM Mutex/Monitor currently owned by a thread: None

Heap
 PSYoungGen      total 28160K, used 491K [0x00000000eaa80000, 0x00000000ec980000, 0x0000000100000000)
  eden space 24576K, 2% used [0x00000000eaa80000,0x00000000eaafae80,0x00000000ec280000)
  from space 3584K, 0% used [0x00000000ec600000,0x00000000ec600000,0x00000000ec980000)
  to   space 3584K, 0% used [0x00000000ec280000,0x00000000ec280000,0x00000000ec600000)
 ParOldGen       total 62976K, used 0K [0x00000000c0000000, 0x00000000c3d80000, 0x00000000eaa80000)
  object space 62976K, 0% used [0x00000000c0000000,0x00000000c0000000,0x00000000c3d80000)
 PSPermGen       total 21504K, used 693K [0x00000000bae00000, 0x00000000bc300000, 0x00000000c0000000)
  object space 21504K, 3% used [0x00000000bae00000,0x00000000baead660,0x00000000bc300000)

Card table byte_map: [0x0000000005580000,0x00000000057b0000] byte_map_base: 0x0000000004fa9000

Polling page: 0x0000000001c60000

Code Cache  [0x0000000002580000, 0x00000000027f0000, 0x0000000005580000)
 total_blobs=37 nmethods=0 adapters=20 free_code_cache=48890Kb largest_free_block=50063104

Compilation events (0 events):
No events

GC Heap History (0 events):
No events

Deoptimization events (0 events):
No events

Internal exceptions (0 events):
No events

Events (10 events):
Event: 0.033 loading class 0x000000000205dac0
Event: 0.033 loading class 0x000000000205dac0 done
Event: 0.033 loading class 0x000000000205db10
Event: 0.034 loading class 0x000000000205db10 done
Event: 0.034 loading class 0x000000000205db60
Event: 0.034 loading class 0x000000000205db60 done
Event: 0.035 loading class 0x000000000205e8c0
Event: 0.035 loading class 0x000000000205e8c0 done
Event: 0.035 loading class 0x000000000205e4e0
Event: 0.035 loading class 0x000000000205e4e0 done


Dynamic libraries:
0x000000013fe70000 - 0x000000013fea3000 	C:\Program Files\Java\jdk1.7.0_67\bin\java.exe
0x0000000076e30000 - 0x0000000076fd9000 	C:\Windows\SYSTEM32\ntdll.dll
0x0000000076d10000 - 0x0000000076e2f000 	C:\Windows\system32\kernel32.dll
0x000007fefce30000 - 0x000007fefce9b000 	C:\Windows\system32\KERNELBASE.dll
0x000007fefeba0000 - 0x000007fefec7b000 	C:\Windows\system32\ADVAPI32.dll
0x000007fefe510000 - 0x000007fefe5af000 	C:\Windows\system32\msvcrt.dll
0x000007fefe2c0000 - 0x000007fefe2df000 	C:\Windows\SYSTEM32\sechost.dll
0x000007fefe810000 - 0x000007fefe93d000 	C:\Windows\system32\RPCRT4.dll
0x0000000076c10000 - 0x0000000076d0a000 	C:\Windows\system32\USER32.dll
0x000007fefe250000 - 0x000007fefe2b7000 	C:\Windows\system32\GDI32.dll
0x000007fefe070000 - 0x000007fefe07e000 	C:\Windows\system32\LPK.dll
0x000007feff070000 - 0x000007feff139000 	C:\Windows\system32\USP10.dll
0x000007fefb560000 - 0x000007fefb754000 	C:\Windows\WinSxS\amd64_microsoft.windows.common-controls_6595b64144ccf1df_6.0.7601.17514_none_fa396087175ac9ac\COMCTL32.dll
0x000007fefe080000 - 0x000007fefe0f1000 	C:\Windows\system32\SHLWAPI.dll
0x000007fefec80000 - 0x000007fefecae000 	C:\Windows\system32\IMM32.DLL
0x000007fefef60000 - 0x000007feff069000 	C:\Windows\system32\MSCTF.dll
0x000000005ede0000 - 0x000000005eeb2000 	C:\Program Files\Java\jdk1.7.0_67\jre\bin\msvcr100.dll
0x0000000060de0000 - 0x00000000615b2000 	C:\Program Files\Java\jdk1.7.0_67\jre\bin\server\jvm.dll
0x000007fefaa20000 - 0x000007fefaa29000 	C:\Windows\system32\WSOCK32.dll
0x000007fefe2e0000 - 0x000007fefe32d000 	C:\Windows\system32\WS2_32.dll
0x000007fefe060000 - 0x000007fefe068000 	C:\Windows\system32\NSI.dll
0x000007fefaee0000 - 0x000007fefaf1b000 	C:\Windows\system32\WINMM.dll
0x0000000076ff0000 - 0x0000000076ff7000 	C:\Windows\system32\PSAPI.DLL
0x0000000061c80000 - 0x0000000061c8f000 	C:\Program Files\Java\jdk1.7.0_67\jre\bin\verify.dll
0x0000000061c50000 - 0x0000000061c78000 	C:\Program Files\Java\jdk1.7.0_67\jre\bin\java.dll
0x0000000060dc0000 - 0x0000000060dd5000 	C:\Program Files\Java\jdk1.7.0_67\jre\bin\zip.dll

VM Arguments:
jvm_args: -Djava.awt.headless=true -Xmx1024M -Dfile.encoding=windows-1256 -Duser.country=US -Duser.language=en -Duser.variant 
java_command: com.android.dx.command.Main --dex --num-threads=4 --output F:\Ahmed\Android\MovieApp - Copy\app\build\intermediates\pre-dexed\debug\com.android.support-recyclerview-v7-23.1.1_3dbb81b508fb7bd7c8093a85f13eafab295734a8.jar F:\Ahmed\Android\MovieApp - Copy\app\build\intermediates\exploded-aar\com.android.support\recyclerview-v7\23.1.1\jars\classes.jar
Launcher Type: SUN_STANDARD

Environment Variables:
PATH=C:\ProgramData\Oracle\Java\javapath;C:\Program Files (x86)\Java\jdk1.8.0_91\bin;C:\Windows\system32;C:\Windows;C:\Windows\System32\Wbem;C:\Windows\System32\WindowsPowerShell\v1.0\;C:\Program Files\Dell\DW WLAN Card;C:\Program Files\WIDCOMM\Bluetooth Software\;C:\Program Files\WIDCOMM\Bluetooth Software\syswow64;C:\Program Files (x86)\Skype\Phone\;C:\Program Files\OpenVPN\bin;C:\BC5\BIN;C:\Program Files\erl7.2.1\bin;C:\Program Files (x86)\Java\jdk1.8.0_91\bin;
USERNAME=Bassem
OS=Windows_NT
PROCESSOR_IDENTIFIER=Intel64 Family 6 Model 37 Stepping 5, GenuineIntel



---------------  S Y S T E M  ---------------

OS: Windows 7 , 64 bit Build 7601 Service Pack 1

CPU:total 4 (2 cores per cpu, 2 threads per core) family 6 model 37 stepping 5, cmov, cx8, fxsr, mmx, sse, sse2, sse3, ssse3, sse4.1, sse4.2, popcnt, ht, tsc, tscinvbit

Memory: 4k page, physical 6085324k(931424k free), swap 7975536k(5704k free)

vm_info: Java HotSpot(TM) 64-Bit Server VM (24.65-b04) for windows-amd64 JRE (1.7.0_67-b01), built on Jul 25 2014 08:55:00 by "java_re" with unknown MS VC++:1600

time: Thu Sep 15 03:41:19 2016
elapsed time: 0 seconds

